2015/11/17 12:49:51:出现应用程序未处理的异常：2015/11/17 12:49:51
异常类型：DirectoryNotFoundException
异常消息：未能找到路径“F:\Projects\NETSpider\NETSpider\bin\Debug\Config\data”的一部分。
异常信息：   在 System.IO.__Error.WinIOError(Int32 errorCode, String maybeFullPath)
   在 System.IO.Directory.InternalCreateDirectory(String fullPath, String path, DirectorySecurity dirSecurity)
   在 System.IO.Directory.CreateDirectory(String path, DirectorySecurity directorySecurity)
   在 System.IO.Directory.CreateDirectory(String path)
   在 NETSpider.Gather.cGatherTaskTabPageManage.SaveData() 位置 C:\Users\CZB\Desktop\kingkoo1985-NETSpider-master\NETSpider\source\NETSpider\Gather\cGatherTaskTabPageManage.cs:行号 249
   在 NETSpider.Gather.cGatherTaskTabPageManage.<>c__DisplayClass16_0.<.ctor>b__3(cGatherUrlItemEventArgs evt) 位置 C:\Users\CZB\Desktop\kingkoo1985-NETSpider-master\NETSpider\source\NETSpider\Gather\cGatherTaskTabPageManage.cs:行号 128
   在 NETSpider.Gather.cGatherTaskManage.OnThreadAllCompleted() 位置 C:\Users\CZB\Desktop\kingkoo1985-NETSpider-master\NETSpider\source\NETSpider\Gather\cGatherTaskManage.cs:行号 394
   在 NETSpider.Gather.cGatherTaskManage.OnThreadAbort(cGatherTaskThreadItem item) 位置 C:\Users\CZB\Desktop\kingkoo1985-NETSpider-master\NETSpider\source\NETSpider\Gather\cGatherTaskManage.cs:行号 377
   在 NETSpider.Gather.cGatherTaskThreadItem.threadWorker_RunWorkerCompleted(Object sender, RunWorkerCompletedEventArgs e) 位置 C:\Users\CZB\Desktop\kingkoo1985-NETSpider-master\NETSpider\source\NETSpider\Gather\cGatherTaskThreadItem.cs:行号 38
   在 System.ComponentModel.BackgroundWorker.OnRunWorkerCompleted(RunWorkerCompletedEventArgs e)
   在 System.ComponentModel.BackgroundWorker.AsyncOperationCompleted(Object arg)


2015/11/17 12:50:40:出现应用程序未处理的异常：2015/11/17 12:50:40
异常类型：DirectoryNotFoundException
异常消息：未能找到路径“F:\Projects\NETSpider\NETSpider\bin\Debug\Config\data\www.09wood.com635833614402505607.log”的一部分。
异常信息：   在 System.IO.__Error.WinIOError(Int32 errorCode, String maybeFullPath)
   在 System.IO.FileStream.Init(String path, FileMode mode, FileAccess access, Int32 rights, Boolean useRights, FileShare share, Int32 bufferSize, FileOptions options, SECURITY_ATTRIBUTES secAttrs, String msgPath, Boolean bFromProxy)
   在 System.IO.FileStream..ctor(String path, FileMode mode, FileAccess access, FileShare share, Int32 bufferSize, FileOptions options)
   在 System.IO.File.Create(String path)
   在 DMSFrame.Loggers.FileLogger..ctor(String filePath) 位置 C:\Users\CZB\Desktop\kingkoo1985-NETSpider-master\NETSpider\source\NETSpider\Loggers\FileLogger.cs:行号 29
   在 NETSpider.Gather.cGatherTaskTabPageManage..ctor(TabControl tabTaskRunLog, TaskRunItem _taskEntity) 位置 C:\Users\CZB\Desktop\kingkoo1985-NETSpider-master\NETSpider\source\NETSpider\Gather\cGatherTaskTabPageManage.cs:行号 67
   在 NETSpider.frmMain.BindRunTask(EnumThreadState gaterherState) 位置 C:\Users\CZB\Desktop\kingkoo1985-NETSpider-master\NETSpider\source\NETSpider\frmMain.cs:行号 348
   在 NETSpider.frmMain.ReloadDataGridView(TreeNode node) 位置 C:\Users\CZB\Desktop\kingkoo1985-NETSpider-master\NETSpider\source\NETSpider\frmMain.cs:行号 256
   在 NETSpider.frmMain.tvMain_AfterSelect(Object sender, TreeViewEventArgs e) 位置 C:\Users\CZB\Desktop\kingkoo1985-NETSpider-master\NETSpider\source\NETSpider\frmMain.cs:行号 228
   在 System.Windows.Forms.TreeView.OnAfterSelect(TreeViewEventArgs e)
   在 System.Windows.Forms.TreeView.TvnSelected(NMTREEVIEW* nmtv)
   在 System.Windows.Forms.TreeView.WmNotify(Message& m)
   在 System.Windows.Forms.TreeView.WndProc(Message& m)
   在 System.Windows.Forms.Control.ControlNativeWindow.OnMessage(Message& m)
   在 System.Windows.Forms.Control.ControlNativeWindow.WndProc(Message& m)
   在 System.Windows.Forms.NativeWindow.Callback(IntPtr hWnd, Int32 msg, IntPtr wparam, IntPtr lparam)


2015/11/17 12:50:41:出现应用程序未处理的异常：2015/11/17 12:50:41
异常类型：DirectoryNotFoundException
异常消息：未能找到路径“F:\Projects\NETSpider\NETSpider\bin\Debug\Config\data\www.09wood.com635833614402505607.log”的一部分。
异常信息：   在 System.IO.__Error.WinIOError(Int32 errorCode, String maybeFullPath)
   在 System.IO.FileStream.Init(String path, FileMode mode, FileAccess access, Int32 rights, Boolean useRights, FileShare share, Int32 bufferSize, FileOptions options, SECURITY_ATTRIBUTES secAttrs, String msgPath, Boolean bFromProxy)
   在 System.IO.FileStream..ctor(String path, FileMode mode, FileAccess access, FileShare share, Int32 bufferSize, FileOptions options)
   在 System.IO.File.Create(String path)
   在 DMSFrame.Loggers.FileLogger..ctor(String filePath) 位置 C:\Users\CZB\Desktop\kingkoo1985-NETSpider-master\NETSpider\source\NETSpider\Loggers\FileLogger.cs:行号 29
   在 NETSpider.Gather.cGatherTaskTabPageManage..ctor(TabControl tabTaskRunLog, TaskRunItem _taskEntity) 位置 C:\Users\CZB\Desktop\kingkoo1985-NETSpider-master\NETSpider\source\NETSpider\Gather\cGatherTaskTabPageManage.cs:行号 67
   在 NETSpider.frmMain.BindRunTask(EnumThreadState gaterherState) 位置 C:\Users\CZB\Desktop\kingkoo1985-NETSpider-master\NETSpider\source\NETSpider\frmMain.cs:行号 348
   在 NETSpider.frmMain.ReloadDataGridView(TreeNode node) 位置 C:\Users\CZB\Desktop\kingkoo1985-NETSpider-master\NETSpider\source\NETSpider\frmMain.cs:行号 256
   在 NETSpider.frmMain.tvMain_AfterSelect(Object sender, TreeViewEventArgs e) 位置 C:\Users\CZB\Desktop\kingkoo1985-NETSpider-master\NETSpider\source\NETSpider\frmMain.cs:行号 228
   在 NETSpider.frmMain.cnStartTask_Click(Object sender, EventArgs e) 位置 C:\Users\CZB\Desktop\kingkoo1985-NETSpider-master\NETSpider\source\NETSpider\frmMain.cs:行号 769
   在 System.Windows.Forms.ToolStripItem.RaiseEvent(Object key, EventArgs e)
   在 System.Windows.Forms.ToolStripMenuItem.OnClick(EventArgs e)
   在 System.Windows.Forms.ToolStripItem.HandleClick(EventArgs e)
   在 System.Windows.Forms.ToolStripItem.HandleMouseUp(MouseEventArgs e)
   在 System.Windows.Forms.ToolStripItem.FireEventInteractive(EventArgs e, ToolStripItemEventType met)
   在 System.Windows.Forms.ToolStripItem.FireEvent(EventArgs e, ToolStripItemEventType met)
   在 System.Windows.Forms.ToolStrip.OnMouseUp(MouseEventArgs mea)
   在 System.Windows.Forms.ToolStripDropDown.OnMouseUp(MouseEventArgs mea)
   在 System.Windows.Forms.Control.WmMouseUp(Message& m, MouseButtons button, Int32 clicks)
   在 System.Windows.Forms.Control.WndProc(Message& m)
   在 System.Windows.Forms.ScrollableControl.WndProc(Message& m)
   在 System.Windows.Forms.ToolStrip.WndProc(Message& m)
   在 System.Windows.Forms.ToolStripDropDown.WndProc(Message& m)
   在 System.Windows.Forms.Control.ControlNativeWindow.OnMessage(Message& m)
   在 System.Windows.Forms.Control.ControlNativeWindow.WndProc(Message& m)
   在 System.Windows.Forms.NativeWindow.Callback(IntPtr hWnd, Int32 msg, IntPtr wparam, IntPtr lparam)


