2003thread0:http://www.meilele.com/category-ertongfang/查找下级网页中.

2001thread0:http://www.meilele.com/category-ertongfang/获取下一页导航失败.

2003thread0:http://www.meilele.com/category-ertongfang/获取新的网页个数44.

2000thread1:635833614391117587 http://www.meilele.com/category-ertongchuang/goods-26854.html?page=1&index=1正在采集中,请稍候...

2000thread2:635833614391117587 http://www.meilele.com/category-ertongyigui/goods-25455.html?page=1&index=2正在采集中,请稍候...

2000thread4:635833614391117587 http://www.meilele.com/category-ertongchuang/goods-155380.html?page=1&index=4正在采集中,请稍候...

2000thread0:635833614391117587 http://www.meilele.com/category-ertongchuang/goods-124704.html?page=1&index=6正在采集中,请稍候...

2000thread3:635833614391117587 http://www.meilele.com/category-ertongchuang/goods-115691.html?page=1&index=3正在采集中,请稍候...

2000thread5:635833614396889597 http://www.meilele.com/category-ertongchuang/goods-37352.html?page=1&index=5正在采集中,请稍候...

2000thread1:635833614433289656 http://www.meilele.com/category-ertongchuang/goods-26854.html?page=1&index=1正在采集中,请稍候...

2000thread2:635833614473693727 http://www.meilele.com/category-ertongyigui/goods-25455.html?page=1&index=2正在采集中,请稍候...

2000thread0:635833614479153737 http://www.meilele.com/category-ertongchuang/goods-124704.html?page=1&index=6正在采集中,请稍候...

2000thread5:635833614510841793 http://www.meilele.com/category-ertongchuang/goods-37352.html?page=1&index=5正在采集中,请稍候...

2001thread3:635833614514585800 http://www.meilele.com/category-ertongchuang/goods-115691.html?page=1&index=3采集出现错误，重试中...操作超时

2001thread1:http://www.meilele.com/category-ertongchuang/goods-26854.html?page=1&index=1没有数据，也有可能是垃圾数据导致...

2000thread1:635833614548593860 http://www.meilele.com/category-ertongchuangdian/goods-65499.html?page=1&index=7正在采集中,请稍候...

2001thread0:http://www.meilele.com/category-ertongchuang/goods-124704.html?page=1&index=6没有数据，也有可能是垃圾数据导致...

2000thread0:635833614578701913 http://www.meilele.com/category-ertongchuang/goods-21277.html?page=1&index=12正在采集中,请稍候...

2001thread2:http://www.meilele.com/category-ertongyigui/goods-25455.html?page=1&index=2没有数据，也有可能是垃圾数据导致...

2000thread2:635833614593989940 http://www.meilele.com/category-ertongshuzhuoertongdiannaotai/goods-25460.html?page=1&index=8正在采集中,请稍候...

2000thread4:635833614599605949 http://www.meilele.com/category-ertongchuang/goods-155380.html?page=1&index=4正在采集中,请稍候...

2001thread5:http://www.meilele.com/category-ertongchuang/goods-37352.html?page=1&index=5没有数据，也有可能是垃圾数据导致...

2000thread5:635833614625189994 http://www.meilele.com/category-ertongchuangdian/goods-64817.html?page=1&index=11正在采集中,请稍候...

2001thread3:635833614634862011 http://www.meilele.com/category-ertongchuang/goods-115691.html?page=1&index=3采集出现错误，重试中...操作超时

2000thread1:635833614673394079 http://www.meilele.com/category-ertongchuangdian/goods-65499.html?page=1&index=7正在采集中,请稍候...

2000thread2:635833614682130094 http://www.meilele.com/category-ertongshuzhuoertongdiannaotai/goods-25460.html?page=1&index=8正在采集中,请稍候...

2000thread0:635833614708182140 http://www.meilele.com/category-ertongchuang/goods-21277.html?page=1&index=12正在采集中,请稍候...

