2003thread0:http://www.meilele.com/category-ertongfang/查找下级网页中.

2001thread0:http://www.meilele.com/category-ertongfang/获取下一页导航失败.

2003thread0:http://www.meilele.com/category-ertongfang/获取新的网页个数44.

2000thread0:635828477325545963 http://www.meilele.com/category-ertongchuang/goods-155380.html?page=1&index=6正在采集中,请稍候...

2000thread1:635828477325595965 http://www.meilele.com/category-ertongchuang/goods-26854.html?page=1&index=1正在采集中,请稍候...

2000thread3:635828477325595965 http://www.meilele.com/category-ertongchuang/goods-115691.html?page=1&index=3正在采集中,请稍候...

2000thread2:635828477325595965 http://www.meilele.com/category-ertongyigui/goods-25455.html?page=1&index=2正在采集中,请稍候...

2000thread4:635828477325595965 http://www.meilele.com/category-ertongchuang/goods-21277.html?page=1&index=4正在采集中,请稍候...

2000thread5:635828477328065995 http://www.meilele.com/category-ertongchuang/goods-37352.html?page=1&index=5正在采集中,请稍候...

2000thread0:635828477377786077 http://www.meilele.com/category-ertongchuang/goods-155380.html?page=1&index=6正在采集中,请稍候...

2000thread2:635828477415856140 http://www.meilele.com/category-ertongyigui/goods-25455.html?page=1&index=2正在采集中,请稍候...

2000thread1:635828477440556174 http://www.meilele.com/category-ertongchuang/goods-26854.html?page=1&index=1正在采集中,请稍候...

2001thread4:635828477448416189 http://www.meilele.com/category-ertongchuang/goods-21277.html?page=1&index=4采集出现错误，重试中...操作超时

2000thread5:635828477451416193 http://www.meilele.com/category-ertongchuang/goods-37352.html?page=1&index=5正在采集中,请稍候...

2001thread0:http://www.meilele.com/category-ertongchuang/goods-155380.html?page=1&index=6没有数据，也有可能是垃圾数据导致...

2000thread0:635828477494906264 http://www.meilele.com/category-ertongchuang/goods-39775.html?page=1&index=12正在采集中,请稍候...

2000thread3:635828477510286296 http://www.meilele.com/category-ertongchuang/goods-115691.html?page=1&index=3正在采集中,请稍候...

2001thread2:http://www.meilele.com/category-ertongyigui/goods-25455.html?page=1&index=2没有数据，也有可能是垃圾数据导致...

2000thread2:635828477537776345 http://www.meilele.com/category-ertongshuzhuoertongdiannaotai/goods-25460.html?page=1&index=8正在采集中,请稍候...

2001thread1:http://www.meilele.com/category-ertongchuang/goods-26854.html?page=1&index=1没有数据，也有可能是垃圾数据导致...

2000thread1:635828477560876383 http://www.meilele.com/category-ertongchuangdian/goods-65499.html?page=1&index=7正在采集中,请稍候...

2001thread5:http://www.meilele.com/category-ertongchuang/goods-37352.html?page=1&index=5没有数据，也有可能是垃圾数据导致...

2000thread5:635828477585706431 http://www.meilele.com/category-ertongchuangdian/goods-64817.html?page=1&index=11正在采集中,请稍候...

2000thread4:635828477600036452 http://www.meilele.com/category-ertongchuang/goods-21277.html?page=1&index=4正在采集中,请稍候...

2000thread0:635828477624136486 http://www.meilele.com/category-ertongchuang/goods-39775.html?page=1&index=12正在采集中,请稍候...

2001thread3:http://www.meilele.com/category-ertongchuang/goods-115691.html?page=1&index=3没有数据，也有可能是垃圾数据导致...

2000thread3:635828477669996559 http://www.meilele.com/category-ertongchuang/goods-124704.html?page=1&index=9正在采集中,请稍候...

2000thread2:635828477673696564 http://www.meilele.com/category-ertongshuzhuoertongdiannaotai/goods-25460.html?page=1&index=8正在采集中,请稍候...

2001thread4:http://www.meilele.com/category-ertongchuang/goods-21277.html?page=1&index=4没有数据，也有可能是垃圾数据导致...

2000thread4:635828477720386640 http://www.meilele.com/category-ertongchuang/goods-25461.html?page=1&index=10正在采集中,请稍候...

2000thread5:635828477720386640 http://www.meilele.com/category-ertongchuangdian/goods-64817.html?page=1&index=11正在采集中,请稍候...

2000thread1:635828477735186661 http://www.meilele.com/category-ertongchuangdian/goods-65499.html?page=1&index=7正在采集中,请稍候...

2001thread0:http://www.meilele.com/category-ertongchuang/goods-39775.html?page=1&index=12没有数据，也有可能是垃圾数据导致...

2000thread0:635828477762676705 http://www.meilele.com/category-ertongyigui/goods-187683.html?page=1&index=18正在采集中,请稍候...

2001thread3:635828477790176743 http://www.meilele.com/category-ertongchuang/goods-124704.html?page=1&index=9采集出现错误，重试中...操作超时

2001thread2:http://www.meilele.com/category-ertongshuzhuoertongdiannaotai/goods-25460.html?page=1&index=8没有数据，也有可能是垃圾数据导致...

2000thread2:635828477809846786 http://www.meilele.com/category-ertongchuang/goods-139228.html?page=1&index=14正在采集中,请稍候...

2000thread4:635828477815646794 http://www.meilele.com/category-ertongchuang/goods-25461.html?page=1&index=10正在采集中,请稍候...

2001thread5:http://www.meilele.com/category-ertongchuangdian/goods-64817.html?page=1&index=11没有数据，也有可能是垃圾数据导致...

2000thread5:635828477839596836 http://www.meilele.com/category-ertongchuang/goods-103147.html?page=1&index=17正在采集中,请稍候...

2000thread0:635828477866046881 http://www.meilele.com/category-ertongyigui/goods-187683.html?page=1&index=18正在采集中,请稍候...

2000thread2:635828477903696942 http://www.meilele.com/category-ertongchuang/goods-139228.html?page=1&index=14正在采集中,请稍候...

2001thread3:635828477910366955 http://www.meilele.com/category-ertongchuang/goods-124704.html?page=1&index=9采集出现错误，重试中...操作超时

2001thread4:http://www.meilele.com/category-ertongchuang/goods-25461.html?page=1&index=10没有数据，也有可能是垃圾数据导致...

2000thread4:635828477936076998 http://www.meilele.com/category-ertongchuang/goods-144920.html?page=1&index=16正在采集中,请稍候...

2001thread1:http://www.meilele.com/category-ertongchuangdian/goods-65499.html?page=1&index=7没有数据，也有可能是垃圾数据导致...

2000thread1:635828477943577008 http://www.meilele.com/category-ertongchuang/goods-197951.html?page=1&index=13正在采集中,请稍候...

2000thread5:635828477945077010 http://www.meilele.com/category-ertongchuang/goods-103147.html?page=1&index=17正在采集中,请稍候...

2001thread0:http://www.meilele.com/category-ertongyigui/goods-187683.html?page=1&index=18没有数据，也有可能是垃圾数据导致...

2000thread0:635828477976757065 http://www.meilele.com/category-ertongchuang/goods-187326.html?page=1&index=24正在采集中,请稍候...

2000thread3:635828478016447131 http://www.meilele.com/category-ertongchuang/goods-124704.html?page=1&index=9正在采集中,请稍候...

2001thread2:http://www.meilele.com/category-ertongchuang/goods-139228.html?page=1&index=14没有数据，也有可能是垃圾数据导致...

2000thread2:635828478025647144 http://www.meilele.com/category-ertongchuangdian/goods-45488.html?page=1&index=20正在采集中,请稍候...

2000thread4:635828478054927189 http://www.meilele.com/category-ertongchuang/goods-144920.html?page=1&index=16正在采集中,请稍候...

2001thread5:http://www.meilele.com/category-ertongchuang/goods-103147.html?page=1&index=17没有数据，也有可能是垃圾数据导致...

2000thread5:635828478065427204 http://www.meilele.com/category-ertongchuang/goods-144907.html?page=1&index=23正在采集中,请稍候...

2000thread0:635828478091237246 http://www.meilele.com/category-ertongchuang/goods-187326.html?page=1&index=24正在采集中,请稍候...

2000thread1:635828478108887279 http://www.meilele.com/category-ertongchuang/goods-197951.html?page=1&index=13正在采集中,请稍候...

2001thread3:http://www.meilele.com/category-ertongchuang/goods-124704.html?page=1&index=9没有数据，也有可能是垃圾数据导致...

2000thread3:635828478124187301 http://www.meilele.com/category-ertongshuzhuoertongdiannaotai/goods-25872.html?page=1&index=15正在采集中,请稍候...

2001thread2:635828478146037339 http://www.meilele.com/category-ertongchuangdian/goods-45488.html?page=1&index=20采集出现错误，重试中...操作超时

2001thread4:http://www.meilele.com/category-ertongchuang/goods-144920.html?page=1&index=16没有数据，也有可能是垃圾数据导致...

2000thread4:635828478157527361 http://www.meilele.com/category-ertongchuang/goods-31233.html?page=1&index=22正在采集中,请稍候...

2000thread5:635828478184757417 http://www.meilele.com/category-ertongchuang/goods-144907.html?page=1&index=23正在采集中,请稍候...

2001thread0:http://www.meilele.com/category-ertongchuang/goods-187326.html?page=1&index=24没有数据，也有可能是垃圾数据导致...

2000thread0:635828478218677466 http://www.meilele.com/category-ertongchuang/goods-155358.html?page=1&index=30正在采集中,请稍候...

2001thread1:http://www.meilele.com/category-ertongchuang/goods-197951.html?page=1&index=13没有数据，也有可能是垃圾数据导致...

2000thread1:635828478227397479 http://www.meilele.com/category-ertongchuang/goods-37163.html?page=1&index=19正在采集中,请稍候...

2000thread3:635828478263627537 http://www.meilele.com/category-ertongshuzhuoertongdiannaotai/goods-25872.html?page=1&index=15正在采集中,请稍候...

2000thread2:635828478295937594 http://www.meilele.com/category-ertongchuangdian/goods-45488.html?page=1&index=20正在采集中,请稍候...

2000thread4:635828478315967629 http://www.meilele.com/category-ertongchuang/goods-31233.html?page=1&index=22正在采集中,请稍候...

2001thread5:http://www.meilele.com/category-ertongchuang/goods-144907.html?page=1&index=23没有数据，也有可能是垃圾数据导致...

2000thread5:635828478341537669 http://www.meilele.com/category-ertongchuang/goods-144934.html?page=1&index=29正在采集中,请稍候...

2000thread0:635828478366817709 http://www.meilele.com/category-ertongchuang/goods-155358.html?page=1&index=30正在采集中,请稍候...

2000thread1:635828478396287760 http://www.meilele.com/category-ertongchuang/goods-37163.html?page=1&index=19正在采集中,请稍候...

2001thread3:http://www.meilele.com/category-ertongshuzhuoertongdiannaotai/goods-25872.html?page=1&index=15没有数据，也有可能是垃圾数据导致...

2000thread3:635828478424167803 http://www.meilele.com/category-ertongshuzhuoertongdiannaotai/goods-25501.html?page=1&index=21正在采集中,请稍候...

2001thread2:http://www.meilele.com/category-ertongchuangdian/goods-45488.html?page=1&index=20没有数据，也有可能是垃圾数据导致...

2000thread2:635828478444637841 http://www.meilele.com/category-ertongchuang/goods-139209.html?page=1&index=26正在采集中,请稍候...

2001thread4:http://www.meilele.com/category-ertongchuang/goods-31233.html?page=1&index=22没有数据，也有可能是垃圾数据导致...

2000thread4:635828478486477908 http://www.meilele.com/category-ertongchuang/goods-106973.html?page=1&index=28正在采集中,请稍候...

2000thread5:635828478492947921 http://www.meilele.com/category-ertongchuang/goods-144934.html?page=1&index=29正在采集中,请稍候...

2001thread0:http://www.meilele.com/category-ertongchuang/goods-155358.html?page=1&index=30没有数据，也有可能是垃圾数据导致...

2000thread0:635828478533157989 http://www.meilele.com/category-ertongchuang/goods-106970.html?page=1&index=36正在采集中,请稍候...

2001thread1:http://www.meilele.com/category-ertongchuang/goods-37163.html?page=1&index=19没有数据，也有可能是垃圾数据导致...

2000thread1:635828478545478007 http://www.meilele.com/category-ertongchuang/goods-37170.html?page=1&index=25正在采集中,请稍候...

2000thread3:635828478587588083 http://www.meilele.com/category-ertongshuzhuoertongdiannaotai/goods-25501.html?page=1&index=21正在采集中,请稍候...

2000thread2:635828478588088084 http://www.meilele.com/category-ertongchuang/goods-139209.html?page=1&index=26正在采集中,请稍候...

2000thread4:635828478618068136 http://www.meilele.com/category-ertongchuang/goods-106973.html?page=1&index=28正在采集中,请稍候...

2001thread5:http://www.meilele.com/category-ertongchuang/goods-144934.html?page=1&index=29没有数据，也有可能是垃圾数据导致...

2000thread5:635828478659548210 http://www.meilele.com/category-ertongchuang/goods-155489.html?page=1&index=35正在采集中,请稍候...

2000thread0:635828478687908258 http://www.meilele.com/category-ertongchuang/goods-106970.html?page=1&index=36正在采集中,请稍候...

2000thread1:635828478701308277 http://www.meilele.com/category-ertongchuang/goods-37170.html?page=1&index=25正在采集中,请稍候...

2001thread3:http://www.meilele.com/category-ertongshuzhuoertongdiannaotai/goods-25501.html?page=1&index=21没有数据，也有可能是垃圾数据导致...

2000thread3:635828478736528339 http://www.meilele.com/category-ertongshuzhuoertongdiannaotai/goods-139899.html?page=1&index=27正在采集中,请稍候...

2001thread2:http://www.meilele.com/category-ertongchuang/goods-139209.html?page=1&index=26没有数据，也有可能是垃圾数据导致...

2000thread2:635828478744898354 http://www.meilele.com/category-ertongchuang/goods-102008.html?page=1&index=32正在采集中,请稍候...

2000thread5:635828478784288414 http://www.meilele.com/category-ertongchuang/goods-155489.html?page=1&index=35正在采集中,请稍候...

2001thread4:http://www.meilele.com/category-ertongchuang/goods-106973.html?page=1&index=28没有数据，也有可能是垃圾数据导致...

2000thread4:635828478790548438 http://www.meilele.com/category-ertongchuang/goods-102372.html?page=1&index=34正在采集中,请稍候...

2001thread1:http://www.meilele.com/category-ertongchuang/goods-37170.html?page=1&index=25没有数据，也有可能是垃圾数据导致...

2000thread1:635828478830128498 http://www.meilele.com/category-ertongchuang/goods-155347.html?page=1&index=31正在采集中,请稍候...

2001thread3:635828478856708545 http://www.meilele.com/category-ertongshuzhuoertongdiannaotai/goods-139899.html?page=1&index=27采集出现错误，重试中...操作超时

2001thread0:http://www.meilele.com/category-ertongchuang/goods-106970.html?page=1&index=36没有数据，也有可能是垃圾数据导致...

2000thread0:635828478857708546 http://www.meilele.com/category-zhenxin/goods-182234.html正在采集中,请稍候...

2000thread2:635828478865508557 http://www.meilele.com/category-ertongchuang/goods-102008.html?page=1&index=32正在采集中,请稍候...

2001thread5:http://www.meilele.com/category-ertongchuang/goods-155489.html?page=1&index=35没有数据，也有可能是垃圾数据导致...

2000thread5:635828478888958593 http://www.meilele.com/category-maojin/goods-29213.html正在采集中,请稍候...

2001thread4:635828478911148629 http://www.meilele.com/category-ertongchuang/goods-102372.html?page=1&index=34采集出现错误，重试中...操作超时

2000thread1:635828478911848630 http://www.meilele.com/category-ertongchuang/goods-155347.html?page=1&index=31正在采集中,请稍候...

2001thread2:http://www.meilele.com/category-ertongchuang/goods-102008.html?page=1&index=32没有数据，也有可能是垃圾数据导致...

2000thread2:635828478936598678 http://www.meilele.com/category-cizhuan/goods-49412.html正在采集中,请稍候...

2000thread5:635828478964518719 http://www.meilele.com/category-maojin/goods-29213.html正在采集中,请稍候...

2001thread0:635828478977998742 http://www.meilele.com/category-zhenxin/goods-182234.html采集出现错误，重试中...操作超时

2001thread1:http://www.meilele.com/category-ertongchuang/goods-155347.html?page=1&index=31没有数据，也有可能是垃圾数据导致...

2000thread1:635828478992698763 http://www.meilele.com/category-diban/goods-190103.html正在采集中,请稍候...

2001thread4:635828479031248825 http://www.meilele.com/category-ertongchuang/goods-102372.html?page=1&index=34采集出现错误，重试中...操作超时

2000thread2:635828479031348825 http://www.meilele.com/category-cizhuan/goods-49412.html正在采集中,请稍候...

2000thread3:635828479035978833 http://www.meilele.com/category-ertongshuzhuoertongdiannaotai/goods-139899.html?page=1&index=27正在采集中,请稍候...

2001thread5:http://www.meilele.com/category-maojin/goods-29213.html没有数据，也有可能是垃圾数据导致...

2000thread1:635828479108208953 http://www.meilele.com/category-diban/goods-190103.html正在采集中,请稍候...

2000thread0:635828479126258981 http://www.meilele.com/category-zhenxin/goods-182234.html正在采集中,请稍候...

2001thread2:http://www.meilele.com/category-cizhuan/goods-49412.html没有数据，也有可能是垃圾数据导致...

2000thread2:635828479153879026 http://www.meilele.com/category-maojin/goods-34842.html正在采集中,请稍候...

2001thread3:http://www.meilele.com/category-ertongshuzhuoertongdiannaotai/goods-139899.html?page=1&index=27没有数据，也有可能是垃圾数据导致...

2000thread3:635828479156099036 http://www.meilele.com/category-ertongchuang/goods-53997.html?page=1&index=33正在采集中,请稍候...

2000thread4:635828479179549072 http://www.meilele.com/category-ertongchuang/goods-102372.html?page=1&index=34正在采集中,请稍候...

2001thread1:http://www.meilele.com/category-diban/goods-190103.html没有数据，也有可能是垃圾数据导致...

2000thread1:635828479209719123 http://www.meilele.com/category-jinghuachuwei/goods-201524.html正在采集中,请稍候...

2000thread3:635828479258669200 http://www.meilele.com/category-ertongchuang/goods-53997.html?page=1&index=33正在采集中,请稍候...

2001thread0:http://www.meilele.com/category-zhenxin/goods-182234.html没有数据，也有可能是垃圾数据导致...

2000thread2:635828479303329277 http://www.meilele.com/category-maojin/goods-34842.html正在采集中,请稍候...

2001thread4:http://www.meilele.com/category-ertongchuang/goods-102372.html?page=1&index=34没有数据，也有可能是垃圾数据导致...

2000thread4:635828479311629289 http://www.meilele.com/category-dengguangyuan/goods-56607.html正在采集中,请稍候...

2000thread1:635828479342469345 http://www.meilele.com/category-jinghuachuwei/goods-201524.html正在采集中,请稍候...

2001thread3:http://www.meilele.com/category-ertongchuang/goods-53997.html?page=1&index=33没有数据，也有可能是垃圾数据导致...

2000thread3:635828479374139399 http://www.meilele.com/category-cizhuan/goods-48426.html正在采集中,请稍候...

2001thread1:http://www.meilele.com/category-jinghuachuwei/goods-201524.html没有数据，也有可能是垃圾数据导致...

2000thread3:635828479428029480 http://www.meilele.com/category-cizhuan/goods-48426.html正在采集中,请稍候...

2001thread4:635828479431929485 http://www.meilele.com/category-dengguangyuan/goods-56607.html采集出现错误，重试中...操作超时

2001thread2:http://www.meilele.com/category-maojin/goods-34842.html没有数据，也有可能是垃圾数据导致...

2001thread3:http://www.meilele.com/category-cizhuan/goods-48426.html没有数据，也有可能是垃圾数据导致...

2000thread4:635828479486322462 http://www.meilele.com/category-dengguangyuan/goods-56607.html正在采集中,请稍候...

2001thread4:http://www.meilele.com/category-dengguangyuan/goods-56607.html没有数据，也有可能是垃圾数据导致...

