2003thread0:http://www.meilele.com/category-ertongfang/查找下级网页中.

2001thread0:http://www.meilele.com/category-ertongfang/获取下一页导航失败.

2003thread0:http://www.meilele.com/category-ertongfang/获取新的网页个数44.

2000thread1:635828473260144220 http://www.meilele.com/category-ertongchuang/goods-26854.html?page=1&index=1正在采集中,请稍候...

2000thread3:635828473260144220 http://www.meilele.com/category-ertongchuang/goods-115691.html?page=1&index=3正在采集中,请稍候...

2000thread2:635828473260144220 http://www.meilele.com/category-ertongyigui/goods-25455.html?page=1&index=2正在采集中,请稍候...

2000thread0:635828473260144220 http://www.meilele.com/category-ertongchuang/goods-155380.html?page=1&index=6正在采集中,请稍候...

2000thread4:635828473260144220 http://www.meilele.com/category-ertongchuang/goods-21277.html?page=1&index=4正在采集中,请稍候...

2000thread5:635828473270384259 http://www.meilele.com/category-ertongchuang/goods-37352.html?page=1&index=5正在采集中,请稍候...

2000thread3:635828473315964333 http://www.meilele.com/category-ertongchuang/goods-115691.html?page=1&index=3正在采集中,请稍候...

2000thread1:635828473320964340 http://www.meilele.com/category-ertongchuang/goods-26854.html?page=1&index=1正在采集中,请稍候...

2000thread2:635828473364154405 http://www.meilele.com/category-ertongyigui/goods-25455.html?page=1&index=2正在采集中,请稍候...

2000thread0:635828473378734430 http://www.meilele.com/category-ertongchuang/goods-155380.html?page=1&index=6正在采集中,请稍候...

2000thread4:635828473416774491 http://www.meilele.com/category-ertongchuang/goods-21277.html?page=1&index=4正在采集中,请稍候...

2001thread3:http://www.meilele.com/category-ertongchuang/goods-115691.html?page=1&index=3没有数据，也有可能是垃圾数据导致...

2000thread3:635828473441384537 http://www.meilele.com/category-ertongchuang/goods-124704.html?page=1&index=9正在采集中,请稍候...

2000thread5:635828473443384540 http://www.meilele.com/category-ertongchuang/goods-37352.html?page=1&index=5正在采集中,请稍候...

2001thread1:http://www.meilele.com/category-ertongchuang/goods-26854.html?page=1&index=1没有数据，也有可能是垃圾数据导致...

2000thread1:635828473463894575 http://www.meilele.com/category-ertongchuangdian/goods-65499.html?page=1&index=7正在采集中,请稍候...

2001thread2:http://www.meilele.com/category-ertongyigui/goods-25455.html?page=1&index=2没有数据，也有可能是垃圾数据导致...

2000thread2:635828473509324657 http://www.meilele.com/category-ertongshuzhuoertongdiannaotai/goods-25460.html?page=1&index=8正在采集中,请稍候...

2001thread0:http://www.meilele.com/category-ertongchuang/goods-155380.html?page=1&index=6没有数据，也有可能是垃圾数据导致...

2000thread0:635828473516824667 http://www.meilele.com/category-ertongchuang/goods-39775.html?page=1&index=12正在采集中,请稍候...

2001thread4:http://www.meilele.com/category-ertongchuang/goods-21277.html?page=1&index=4没有数据，也有可能是垃圾数据导致...

2000thread4:635828473545504712 http://www.meilele.com/category-ertongchuang/goods-25461.html?page=1&index=10正在采集中,请稍候...

2001thread5:http://www.meilele.com/category-ertongchuang/goods-37352.html?page=1&index=5没有数据，也有可能是垃圾数据导致...

2000thread5:635828473563604737 http://www.meilele.com/category-ertongchuangdian/goods-64817.html?page=1&index=11正在采集中,请稍候...

2000thread1:635828473593874784 http://www.meilele.com/category-ertongchuangdian/goods-65499.html?page=1&index=7正在采集中,请稍候...

2000thread3:635828473595074785 http://www.meilele.com/category-ertongchuang/goods-124704.html?page=1&index=9正在采集中,请稍候...

2000thread2:635828473631574859 http://www.meilele.com/category-ertongshuzhuoertongdiannaotai/goods-25460.html?page=1&index=8正在采集中,请稍候...

2000thread0:635828473664604912 http://www.meilele.com/category-ertongchuang/goods-39775.html?page=1&index=12正在采集中,请稍候...

2000thread4:635828473689024953 http://www.meilele.com/category-ertongchuang/goods-25461.html?page=1&index=10正在采集中,请稍候...

2001thread3:http://www.meilele.com/category-ertongchuang/goods-124704.html?page=1&index=9没有数据，也有可能是垃圾数据导致...

2000thread3:635828473715294994 http://www.meilele.com/category-ertongshuzhuoertongdiannaotai/goods-25872.html?page=1&index=15正在采集中,请稍候...

2001thread1:http://www.meilele.com/category-ertongchuangdian/goods-65499.html?page=1&index=7没有数据，也有可能是垃圾数据导致...

2000thread1:635828473733195019 http://www.meilele.com/category-ertongchuang/goods-197951.html?page=1&index=13正在采集中,请稍候...

2000thread5:635828473737795031 http://www.meilele.com/category-ertongchuangdian/goods-64817.html?page=1&index=11正在采集中,请稍候...

2001thread2:http://www.meilele.com/category-ertongshuzhuoertongdiannaotai/goods-25460.html?page=1&index=8没有数据，也有可能是垃圾数据导致...

2000thread2:635828473775235141 http://www.meilele.com/category-ertongchuang/goods-139228.html?page=1&index=14正在采集中,请稍候...

2001thread0:http://www.meilele.com/category-ertongchuang/goods-39775.html?page=1&index=12没有数据，也有可能是垃圾数据导致...

2000thread0:635828473784815159 http://www.meilele.com/category-ertongyigui/goods-187683.html?page=1&index=18正在采集中,请稍候...

2001thread4:http://www.meilele.com/category-ertongchuang/goods-25461.html?page=1&index=10没有数据，也有可能是垃圾数据导致...

2000thread4:635828473812975213 http://www.meilele.com/category-ertongchuang/goods-144920.html?page=1&index=16正在采集中,请稍候...

2000thread1:635828473844675280 http://www.meilele.com/category-ertongchuang/goods-197951.html?page=1&index=13正在采集中,请稍候...

2000thread3:635828473848975286 http://www.meilele.com/category-ertongshuzhuoertongdiannaotai/goods-25872.html?page=1&index=15正在采集中,请稍候...

2000thread2:635828473873365325 http://www.meilele.com/category-ertongchuang/goods-139228.html?page=1&index=14正在采集中,请稍候...

2001thread0:635828473905115378 http://www.meilele.com/category-ertongyigui/goods-187683.html?page=1&index=18采集出现错误，重试中...操作超时

2000thread4:635828473915015392 http://www.meilele.com/category-ertongchuang/goods-144920.html?page=1&index=16正在采集中,请稍候...

2001thread1:http://www.meilele.com/category-ertongchuang/goods-197951.html?page=1&index=13没有数据，也有可能是垃圾数据导致...

2000thread1:635828473946095440 http://www.meilele.com/category-ertongchuang/goods-37163.html?page=1&index=19正在采集中,请稍候...

2001thread5:http://www.meilele.com/category-ertongchuangdian/goods-64817.html?page=1&index=11没有数据，也有可能是垃圾数据导致...

2000thread5:635828473964475470 http://www.meilele.com/category-ertongchuang/goods-103147.html?page=1&index=17正在采集中,请稍候...

2001thread3:http://www.meilele.com/category-ertongshuzhuoertongdiannaotai/goods-25872.html?page=1&index=15没有数据，也有可能是垃圾数据导致...

2000thread3:635828473976875493 http://www.meilele.com/category-ertongshuzhuoertongdiannaotai/goods-25501.html?page=1&index=21正在采集中,请稍候...

2001thread2:http://www.meilele.com/category-ertongchuang/goods-139228.html?page=1&index=14没有数据，也有可能是垃圾数据导致...

2000thread2:635828473980875498 http://www.meilele.com/category-ertongchuangdian/goods-45488.html?page=1&index=20正在采集中,请稍候...

2001thread4:http://www.meilele.com/category-ertongchuang/goods-144920.html?page=1&index=16没有数据，也有可能是垃圾数据导致...

2000thread4:635828474020925563 http://www.meilele.com/category-ertongchuang/goods-31233.html?page=1&index=22正在采集中,请稍候...

2000thread0:635828474041995596 http://www.meilele.com/category-ertongyigui/goods-187683.html?page=1&index=18正在采集中,请稍候...

2000thread1:635828474056775621 http://www.meilele.com/category-ertongchuang/goods-37163.html?page=1&index=19正在采集中,请稍候...

2000thread2:635828474096575688 http://www.meilele.com/category-ertongchuangdian/goods-45488.html?page=1&index=20正在采集中,请稍候...

2001thread3:635828474097175689 http://www.meilele.com/category-ertongshuzhuoertongdiannaotai/goods-25501.html?page=1&index=21采集出现错误，重试中...操作超时

2000thread5:635828474130635739 http://www.meilele.com/category-ertongchuang/goods-103147.html?page=1&index=17正在采集中,请稍候...

2000thread4:635828474134775753 http://www.meilele.com/category-ertongchuang/goods-31233.html?page=1&index=22正在采集中,请稍候...

2001thread1:http://www.meilele.com/category-ertongchuang/goods-37163.html?page=1&index=19没有数据，也有可能是垃圾数据导致...

2000thread1:635828474170825806 http://www.meilele.com/category-ertongchuang/goods-37170.html?page=1&index=25正在采集中,请稍候...

2001thread0:http://www.meilele.com/category-ertongyigui/goods-187683.html?page=1&index=18没有数据，也有可能是垃圾数据导致...

2000thread0:635828474217385908 http://www.meilele.com/category-ertongchuang/goods-187326.html?page=1&index=24正在采集中,请稍候...

2001thread2:http://www.meilele.com/category-ertongchuangdian/goods-45488.html?page=1&index=20没有数据，也有可能是垃圾数据导致...

2000thread2:635828474218385910 http://www.meilele.com/category-ertongchuang/goods-139209.html?page=1&index=26正在采集中,请稍候...

2001thread5:http://www.meilele.com/category-ertongchuang/goods-103147.html?page=1&index=17没有数据，也有可能是垃圾数据导致...

2000thread5:635828474251085955 http://www.meilele.com/category-ertongchuang/goods-144907.html?page=1&index=23正在采集中,请稍候...

2000thread3:635828474261175986 http://www.meilele.com/category-ertongshuzhuoertongdiannaotai/goods-25501.html?page=1&index=21正在采集中,请稍候...

2001thread4:http://www.meilele.com/category-ertongchuang/goods-31233.html?page=1&index=22没有数据，也有可能是垃圾数据导致...

2000thread4:635828474269476276 http://www.meilele.com/category-ertongchuang/goods-106973.html?page=1&index=28正在采集中,请稍候...

2000thread1:635828474316137684 http://www.meilele.com/category-ertongchuang/goods-37170.html?page=1&index=25正在采集中,请稍候...

2000thread0:635828474329537703 http://www.meilele.com/category-ertongchuang/goods-187326.html?page=1&index=24正在采集中,请稍候...

2000thread2:635828474345807730 http://www.meilele.com/category-ertongchuang/goods-139209.html?page=1&index=26正在采集中,请稍候...

2001thread3:http://www.meilele.com/category-ertongshuzhuoertongdiannaotai/goods-25501.html?page=1&index=21没有数据，也有可能是垃圾数据导致...

2000thread3:635828474381437798 http://www.meilele.com/category-ertongshuzhuoertongdiannaotai/goods-139899.html?page=1&index=27正在采集中,请稍候...

2000thread4:635828474388137807 http://www.meilele.com/category-ertongchuang/goods-106973.html?page=1&index=28正在采集中,请稍候...

2000thread5:635828474395637818 http://www.meilele.com/category-ertongchuang/goods-144907.html?page=1&index=23正在采集中,请稍候...

2001thread1:http://www.meilele.com/category-ertongchuang/goods-37170.html?page=1&index=25没有数据，也有可能是垃圾数据导致...

2000thread1:635828474424127913 http://www.meilele.com/category-ertongchuang/goods-155347.html?page=1&index=31正在采集中,请稍候...

2001thread2:http://www.meilele.com/category-ertongchuang/goods-139209.html?page=1&index=26没有数据，也有可能是垃圾数据导致...

2000thread2:635828474464587979 http://www.meilele.com/category-ertongchuang/goods-102008.html?page=1&index=32正在采集中,请稍候...

2001thread0:http://www.meilele.com/category-ertongchuang/goods-187326.html?page=1&index=24没有数据，也有可能是垃圾数据导致...

2000thread0:635828474469187985 http://www.meilele.com/category-ertongchuang/goods-155358.html?page=1&index=30正在采集中,请稍候...

2001thread4:http://www.meilele.com/category-ertongchuang/goods-106973.html?page=1&index=28没有数据，也有可能是垃圾数据导致...

2000thread4:635828474509188058 http://www.meilele.com/category-ertongchuang/goods-102372.html?page=1&index=34正在采集中,请稍候...

2001thread5:http://www.meilele.com/category-ertongchuang/goods-144907.html?page=1&index=23没有数据，也有可能是垃圾数据导致...

2000thread5:635828474515968072 http://www.meilele.com/category-ertongchuang/goods-144934.html?page=1&index=29正在采集中,请稍候...

2000thread3:635828474516968073 http://www.meilele.com/category-ertongshuzhuoertongdiannaotai/goods-139899.html?page=1&index=27正在采集中,请稍候...

2000thread1:635828474541308450 http://www.meilele.com/category-ertongchuang/goods-155347.html?page=1&index=31正在采集中,请稍候...

2000thread2:635828474580508510 http://www.meilele.com/category-ertongchuang/goods-102008.html?page=1&index=32正在采集中,请稍候...

2001thread0:635828474589468526 http://www.meilele.com/category-ertongchuang/goods-155358.html?page=1&index=30采集出现错误，重试中...操作超时

2000thread5:635828474605708557 http://www.meilele.com/category-ertongchuang/goods-144934.html?page=1&index=29正在采集中,请稍候...

2000thread4:635828474613908568 http://www.meilele.com/category-ertongchuang/goods-102372.html?page=1&index=34正在采集中,请稍候...

2001thread1:http://www.meilele.com/category-ertongchuang/goods-155347.html?page=1&index=31没有数据，也有可能是垃圾数据导致...

2000thread1:635828474637128607 http://www.meilele.com/category-diban/goods-190103.html正在采集中,请稍候...

2001thread3:http://www.meilele.com/category-ertongshuzhuoertongdiannaotai/goods-139899.html?page=1&index=27没有数据，也有可能是垃圾数据导致...

2000thread3:635828474665888862 http://www.meilele.com/category-ertongchuang/goods-53997.html?page=1&index=33正在采集中,请稍候...

2001thread2:http://www.meilele.com/category-ertongchuang/goods-102008.html?page=1&index=32没有数据，也有可能是垃圾数据导致...

2000thread2:635828474705120168 http://www.meilele.com/category-cizhuan/goods-49412.html正在采集中,请稍候...

2000thread0:635828474716860376 http://www.meilele.com/category-ertongchuang/goods-155358.html?page=1&index=30正在采集中,请稍候...

2001thread4:http://www.meilele.com/category-ertongchuang/goods-102372.html?page=1&index=34没有数据，也有可能是垃圾数据导致...

2000thread4:635828474739331383 http://www.meilele.com/category-dengguangyuan/goods-56607.html正在采集中,请稍候...

2001thread5:http://www.meilele.com/category-ertongchuang/goods-144934.html?page=1&index=29没有数据，也有可能是垃圾数据导致...

2000thread5:635828474775281760 http://www.meilele.com/category-ertongchuang/goods-155489.html?page=1&index=35正在采集中,请稍候...

2000thread1:635828474795231796 http://www.meilele.com/category-diban/goods-190103.html正在采集中,请稍候...

2000thread3:635828474833771941 http://www.meilele.com/category-ertongchuang/goods-53997.html?page=1&index=33正在采集中,请稍候...

2000thread2:635828474856901975 http://www.meilele.com/category-cizhuan/goods-49412.html正在采集中,请稍候...

2001thread0:http://www.meilele.com/category-ertongchuang/goods-155358.html?page=1&index=30没有数据，也有可能是垃圾数据导致...

2000thread0:635828474879582012 http://www.meilele.com/category-ertongchuang/goods-106970.html?page=1&index=36正在采集中,请稍候...

2000thread4:635828474903482045 http://www.meilele.com/category-dengguangyuan/goods-56607.html正在采集中,请稍候...

2000thread5:635828474925622084 http://www.meilele.com/category-ertongchuang/goods-155489.html?page=1&index=35正在采集中,请稍候...

2001thread1:http://www.meilele.com/category-diban/goods-190103.html没有数据，也有可能是垃圾数据导致...

2000thread1:635828474969222150 http://www.meilele.com/category-jinghuachuwei/goods-201524.html正在采集中,请稍候...

2001thread3:http://www.meilele.com/category-ertongchuang/goods-53997.html?page=1&index=33没有数据，也有可能是垃圾数据导致...

2000thread3:635828474982622169 http://www.meilele.com/category-cizhuan/goods-48426.html正在采集中,请稍候...

2001thread4:http://www.meilele.com/category-dengguangyuan/goods-56607.html没有数据，也有可能是垃圾数据导致...

2001thread2:http://www.meilele.com/category-cizhuan/goods-49412.html没有数据，也有可能是垃圾数据导致...

2000thread2:635828475031332260 http://www.meilele.com/category-maojin/goods-34842.html正在采集中,请稍候...

2000thread0:635828475032532262 http://www.meilele.com/category-ertongchuang/goods-106970.html?page=1&index=36正在采集中,请稍候...

2001thread5:http://www.meilele.com/category-ertongchuang/goods-155489.html?page=1&index=35没有数据，也有可能是垃圾数据导致...

2000thread5:635828475064132306 http://www.meilele.com/category-maojin/goods-29213.html正在采集中,请稍候...

2000thread3:635828475100182371 http://www.meilele.com/category-cizhuan/goods-48426.html正在采集中,请稍候...

2000thread1:635828475115842396 http://www.meilele.com/category-jinghuachuwei/goods-201524.html正在采集中,请稍候...

2000thread5:635828475128042413 http://www.meilele.com/category-maojin/goods-29213.html正在采集中,请稍候...

2001thread0:http://www.meilele.com/category-ertongchuang/goods-106970.html?page=1&index=36没有数据，也有可能是垃圾数据导致...

2000thread0:635828475152832458 http://www.meilele.com/category-zhenxin/goods-182234.html正在采集中,请稍候...

2001thread3:http://www.meilele.com/category-cizhuan/goods-48426.html没有数据，也有可能是垃圾数据导致...

2001thread5:http://www.meilele.com/category-maojin/goods-29213.html没有数据，也有可能是垃圾数据导致...

2000thread0:635828475224332603 http://www.meilele.com/category-zhenxin/goods-182234.html正在采集中,请稍候...

2000thread2:635828475224832609 http://www.meilele.com/category-maojin/goods-34842.html正在采集中,请稍候...

2001thread0:http://www.meilele.com/category-zhenxin/goods-182234.html没有数据，也有可能是垃圾数据导致...

2001thread1:http://www.meilele.com/category-jinghuachuwei/goods-201524.html没有数据，也有可能是垃圾数据导致...

2001thread2:http://www.meilele.com/category-maojin/goods-34842.html没有数据，也有可能是垃圾数据导致...

